Построение начато 31.05.2018 1:50:33.
     1>Проект "C:\mp2-practice\PiginAP\lab4-Dijkstra\sln\vc10\lab4-Dijkstra\Gen_graph\Gen_graph.vcxproj" в узле 3 (целевые объекты build).
     1>InitializeBuildStatus:
         Обращение к "Debug\Gen_graph.unsuccessfulbuild".
       ClCompile:
         Для всех выходных данных обновления не требуется.
       ManifestResourceCompile:
         Для всех выходных данных обновления не требуется.
       Link:
         c:\Program Files (x86)\Microsoft Visual Studio 10.0\VC\bin\link.exe /ERRORREPORT:PROMPT /OUT:"C:\mp2-practice\PiginAP\lab4-Dijkstra\sln\vc10\lab4-Dijkstra\Debug\Gen_graph.exe" /INCREMENTAL /NOLOGO /LIBPATH:..\Debug Graph_lib.lib kernel32.lib user32.lib gdi32.lib winspool.lib comdlg32.lib advapi32.lib shell32.lib ole32.lib oleaut32.lib uuid.lib odbc32.lib odbccp32.lib /MANIFEST /ManifestFile:"Debug\Gen_graph.exe.intermediate.manifest" /MANIFESTUAC:"level='asInvoker' uiAccess='false'" /DEBUG /PDB:"C:\mp2-practice\PiginAP\lab4-Dijkstra\sln\vc10\lab4-Dijkstra\Debug\Gen_graph.pdb" /SUBSYSTEM:CONSOLE /TLBID:1 /DYNAMICBASE /NXCOMPAT /IMPLIB:"C:\mp2-practice\PiginAP\lab4-Dijkstra\sln\vc10\lab4-Dijkstra\Debug\Gen_graph.lib" /MACHINE:X86 Debug\Gen_graph.exe.embed.manifest.res
         Debug\generate_g.obj
       Manifest:
         c:\Program Files (x86)\Microsoft SDKs\Windows\v7.0A\bin\mt.exe /nologo /verbose /out:"Debug\Gen_graph.exe.embed.manifest" /manifest Debug\Gen_graph.exe.intermediate.manifest
         c:\Program Files (x86)\Microsoft SDKs\Windows\v7.0A\bin\rc.exe /nologo /fo"Debug\Gen_graph.exe.embed.manifest.res" Debug\Gen_graph_manifest.rc 
       LinkEmbedManifest:
         c:\Program Files (x86)\Microsoft Visual Studio 10.0\VC\bin\link.exe /ERRORREPORT:PROMPT /OUT:"C:\mp2-practice\PiginAP\lab4-Dijkstra\sln\vc10\lab4-Dijkstra\Debug\Gen_graph.exe" /INCREMENTAL /NOLOGO /LIBPATH:..\Debug Graph_lib.lib kernel32.lib user32.lib gdi32.lib winspool.lib comdlg32.lib advapi32.lib shell32.lib ole32.lib oleaut32.lib uuid.lib odbc32.lib odbccp32.lib /MANIFEST /ManifestFile:"Debug\Gen_graph.exe.intermediate.manifest" /MANIFESTUAC:"level='asInvoker' uiAccess='false'" /DEBUG /PDB:"C:\mp2-practice\PiginAP\lab4-Dijkstra\sln\vc10\lab4-Dijkstra\Debug\Gen_graph.pdb" /SUBSYSTEM:CONSOLE /TLBID:1 /DYNAMICBASE /NXCOMPAT /IMPLIB:"C:\mp2-practice\PiginAP\lab4-Dijkstra\sln\vc10\lab4-Dijkstra\Debug\Gen_graph.lib" /MACHINE:X86 Debug\Gen_graph.exe.embed.manifest.res
         Debug\generate_g.obj
         Gen_graph.vcxproj -> C:\mp2-practice\PiginAP\lab4-Dijkstra\sln\vc10\lab4-Dijkstra\Debug\Gen_graph.exe
       FinalizeBuildStatus:
         Файл "Debug\Gen_graph.unsuccessfulbuild" удаляется.
         Обращение к "Debug\Gen_graph.lastbuildstate".
     1>Построение проекта "C:\mp2-practice\PiginAP\lab4-Dijkstra\sln\vc10\lab4-Dijkstra\Gen_graph\Gen_graph.vcxproj" завершено (целевые объекты build).

Построение успешно завершено.

Затраченное время: 00:00:02.61
