C:\USERS\SOROKINA.M.I\DESKTOP\SOROKINAMI\LAB1\BUILD\POLINOMINLIST_PROJ\DEBUG\SAMPLE.EXE
C:\USERS\SOROKINA.M.I\DESKTOP\SOROKINAMI\LAB1\BUILD\POLINOMINLIST_PROJ\DEBUG\SAMPLE.ILK
C:\USERS\SOROKINA.M.I\DESKTOP\SOROKINAMI\LAB1\BUILD\POLINOMINLIST_PROJ\DEBUG\SAMPLE.PDB
C:\Users\sorokina.m.i\Desktop\SorokinaMI\lab1\build\PolinomInList_proj\Sample\Debug\cl.command.1.tlog
C:\Users\sorokina.m.i\Desktop\SorokinaMI\lab1\build\PolinomInList_proj\Sample\Debug\CL.read.1.tlog
C:\Users\sorokina.m.i\Desktop\SorokinaMI\lab1\build\PolinomInList_proj\Sample\Debug\CL.write.1.tlog
C:\Users\sorokina.m.i\Desktop\SorokinaMI\lab1\build\PolinomInList_proj\Sample\Debug\link.5904.read.1.tlog
C:\Users\sorokina.m.i\Desktop\SorokinaMI\lab1\build\PolinomInList_proj\Sample\Debug\link.5904.write.1.tlog
C:\Users\sorokina.m.i\Desktop\SorokinaMI\lab1\build\PolinomInList_proj\Sample\Debug\link.5904-cvtres.read.1.tlog
C:\Users\sorokina.m.i\Desktop\SorokinaMI\lab1\build\PolinomInList_proj\Sample\Debug\link.5904-cvtres.write.1.tlog
C:\Users\sorokina.m.i\Desktop\SorokinaMI\lab1\build\PolinomInList_proj\Sample\Debug\link.command.1.tlog
C:\Users\sorokina.m.i\Desktop\SorokinaMI\lab1\build\PolinomInList_proj\Sample\Debug\link.read.1.tlog
C:\Users\sorokina.m.i\Desktop\SorokinaMI\lab1\build\PolinomInList_proj\Sample\Debug\link.write.1.tlog
C:\Users\sorokina.m.i\Desktop\SorokinaMI\lab1\build\PolinomInList_proj\Sample\Debug\link-cvtres.read.1.tlog
C:\Users\sorokina.m.i\Desktop\SorokinaMI\lab1\build\PolinomInList_proj\Sample\Debug\link-cvtres.write.1.tlog
C:\USERS\SOROKINA.M.I\DESKTOP\SOROKINAMI\LAB1\BUILD\POLINOMINLIST_PROJ\SAMPLE\DEBUG\MAIN.OBJ
C:\Users\sorokina.m.i\Desktop\SorokinaMI\lab1\build\PolinomInList_proj\Sample\Debug\mt.command.1.tlog
C:\Users\sorokina.m.i\Desktop\SorokinaMI\lab1\build\PolinomInList_proj\Sample\Debug\mt.read.1.tlog
C:\Users\sorokina.m.i\Desktop\SorokinaMI\lab1\build\PolinomInList_proj\Sample\Debug\mt.write.1.tlog
C:\Users\sorokina.m.i\Desktop\SorokinaMI\lab1\build\PolinomInList_proj\Sample\Debug\rc.command.1.tlog
C:\Users\sorokina.m.i\Desktop\SorokinaMI\lab1\build\PolinomInList_proj\Sample\Debug\rc.read.1.tlog
C:\Users\sorokina.m.i\Desktop\SorokinaMI\lab1\build\PolinomInList_proj\Sample\Debug\rc.write.1.tlog
C:\USERS\SOROKINA.M.I\DESKTOP\SOROKINAMI\LAB1\BUILD\POLINOMINLIST_PROJ\SAMPLE\DEBUG\SAMPLE.EXE.EMBED.MANIFEST
C:\USERS\SOROKINA.M.I\DESKTOP\SOROKINAMI\LAB1\BUILD\POLINOMINLIST_PROJ\SAMPLE\DEBUG\SAMPLE.EXE.EMBED.MANIFEST.RES
C:\USERS\SOROKINA.M.I\DESKTOP\SOROKINAMI\LAB1\BUILD\POLINOMINLIST_PROJ\SAMPLE\DEBUG\SAMPLE.EXE.INTERMEDIATE.MANIFEST
C:\Users\sorokina.m.i\Desktop\SorokinaMI\lab1\build\PolinomInList_proj\Sample\Debug\Sample.write.1.tlog
C:\Users\sorokina.m.i\Desktop\SorokinaMI\lab1\build\PolinomInList_proj\Sample\Debug\Sample_manifest.rc
C:\Users\sorokina.m.i\Desktop\SorokinaMI\lab1\build\PolinomInList_proj\Sample\Debug\vc100.idb
C:\USERS\SOROKINA.M.I\DESKTOP\SOROKINAMI\LAB1\BUILD\POLINOMINLIST_PROJ\SAMPLE\DEBUG\VC100.PDB
