D:\MP2-PRACTICE\LAKSHINAAR\LAB1\SLN\SAMPLE\DEBUG\MAIN.OBJ
D:\MP2-PRACTICE\LAKSHINAAR\LAB1\SLN\SAMPLE\DEBUG\VC110.PDB
D:\MP2-PRACTICE\LAKSHINAAR\LAB1\SLN\DEBUG\SAMPLE.ILK
D:\MP2-PRACTICE\LAKSHINAAR\LAB1\SLN\DEBUG\SAMPLE.EXE
D:\MP2-PRACTICE\LAKSHINAAR\LAB1\SLN\DEBUG\SAMPLE.PDB
D:\mp2-practice\LakshinaAR\lab1\sln\sample\Debug\main.obj
D:\mp2-practice\LakshinaAR\lab1\sln\sample\Debug\cl.command.1.tlog
D:\mp2-practice\LakshinaAR\lab1\sln\sample\Debug\CL.read.1.tlog
D:\mp2-practice\LakshinaAR\lab1\sln\sample\Debug\CL.write.1.tlog
D:\mp2-practice\LakshinaAR\lab1\sln\sample\Debug\link-cvtres.read.1.tlog
D:\mp2-practice\LakshinaAR\lab1\sln\sample\Debug\link-cvtres.write.1.tlog
D:\mp2-practice\LakshinaAR\lab1\sln\sample\Debug\link-rc.read.1.tlog
D:\mp2-practice\LakshinaAR\lab1\sln\sample\Debug\link-rc.write.1.tlog
D:\mp2-practice\LakshinaAR\lab1\sln\sample\Debug\link.command.1.tlog
D:\mp2-practice\LakshinaAR\lab1\sln\sample\Debug\link.read.1.tlog
D:\mp2-practice\LakshinaAR\lab1\sln\sample\Debug\link.write.1.tlog
D:\mp2-practice\LakshinaAR\lab1\sln\sample\Debug\vc110.idb
D:\mp2-practice\LakshinaAR\lab1\sln\sample\Debug\vc110.pdb
D:\mp2-practice\LakshinaAR\lab1\sln\Debug\sample.pdb
D:\mp2-practice\LakshinaAR\lab1\sln\Debug\sample.exe
D:\mp2-practice\LakshinaAR\lab1\sln\Debug\sample.ilk
